<?xml version="1.0" encoding="UTF-8"?>
<testng-results skipped="0" failed="0" ignored="0" total="1" passed="1">
  <reporter-output>
  </reporter-output>
  <suite name="com.qa.tests.TestLogin" duration-ms="96" started-at="2020-04-09T00:00:13 IST" finished-at="2020-04-09T00:00:13 IST">
    <groups>
    </groups>
    <test name="Command line test" duration-ms="96" started-at="2020-04-09T00:00:13 IST" finished-at="2020-04-09T00:00:13 IST">
      <class name="com.qa.tests.TestLogin">
        <test-method status="PASS" signature="loginTest()[pri:0, instance:com.qa.tests.TestLogin@6a41eaa2]" name="loginTest" duration-ms="13" started-at="2020-04-09T00:00:13 IST" finished-at="2020-04-09T00:00:13 IST">
          <reporter-output>
          </reporter-output>
        </test-method> <!-- loginTest -->
      </class> <!-- com.qa.tests.TestLogin -->
    </test> <!-- Command line test -->
  </suite> <!-- com.qa.tests.TestLogin -->
</testng-results>
